Processing Maldives2.input
View: Number
+------------------+
| number           |
+------------------+
| 329:(162,165)    |
| 847:(166,169)    |
| 127:(189,192)    |
| 350:(193,196)    |
| 2015:(667,671)   |
| 30:(699,701)     |
| 43:(731,733)     |
| 17:(886,888)     |
| 18:(1044,1046)   |
| 1946:(1334,1338) |
| 1948:(1395,1399) |
| 31:(1430,1432)   |
| 1957:(1440,1444) |
| 16:(1505,1507)   |
| 1963:(1518,1522) |
| 1965:(1553,1557) |
| 16:(1603,1605)   |
| 17:(2139,2141)   |
| 6.5:(2265,2268)  |
| 50:(2291,2293)   |
| 29:(2555,2557)   |
| 61:(3058,3060)   |
| 61:(3417,3419)   |
| 2011:(3478,3482) |
| 62:(3484,3486)   |
| 1994:(3569,3573) |
| 63:(3625,3627)   |
| 64:(3823,3825)   |
| 222:(3831,3834)  |
| 70:(3950,3952)   |
| 26:(3988,3990)   |
| 13:(4010,4012)   |
| 44:(4049,4051)   |
| 7:(4120,4121)    |
| 7:(4339,4340)    |
| 7:(4505,4506)    |
| 65:(4752,4754)   |
| 2013:(4864,4868) |
| 7:(4870,4871)    |
| 21:(4898,4900)   |
| 66:(5056,5058)   |
| 63:(5178,5180)   |
| 7:(5453,5454)    |
| 63:(5531,5533)   |
| 2009:(5576,5580) |
| 67:(5611,5613)   |
| 7:(5672,5673)    |
| 68:(5844,5846)   |
| 69:(6098,6100)   |
| 70:(6189,6191)   |
| 71:(6248,6250)   |
| 72:(6311,6313)   |
| 7:(6460,6461)    |
| 59:(6515,6517)   |
| 73:(6809,6811)   |
| 74:(7033,7035)   |
| 75:(7153,7155)   |
| 76:(7436,7438)   |
| 77:(7440,7442)   |
| 78:(7444,7446)   |
+------------------+
60 rows in set

View: Date
+-------------------------------+----------------+-----------------------+------------------+
| date                          | day            | month                 | year             |
+-------------------------------+----------------+-----------------------+------------------+
| 31 August 1957:(1430,1444)    | 31:(1430,1432) | August:(1433,1439)    | 1957:(1440,1444) |
| 16 September 1963:(1505,1522) | 16:(1505,1507) | September:(1508,1517) | 1963:(1518,1522) |
+-------------------------------+----------------+-----------------------+------------------+
2 rows in set

View: Month
+-----------------------+
| Month                 |
+-----------------------+
| August:(1433,1439)    |
| September:(1508,1517) |
+-----------------------+
2 rows in set

View: Year
+------------------+
| year             |
+------------------+
| 1957:(1440,1444) |
| 1963:(1518,1522) |
+------------------+
2 rows in set

View: President
+-----------+-------+------+
| president | title | name |
+-----------+-------+------+
+-----------+-------+------+
Empty set

View: Party
+-------------------------------------+-------------------------------+-------------------+
| party                               | partyName                     | title             |
+-------------------------------------+-------------------------------+-------------------+
| Islamic Party:(7207,7220)           | Islamic:(7207,7214)           | Party:(7215,7220) |
| Malaysian Islamic Party:(7197,7220) | Malaysian Islamic:(7197,7214) | Party:(7215,7220) |
| Malaysian Islamic Party:(7197,7220) | Malaysian Islamic:(7197,7214) | Party:(7215,7220) |
+-------------------------------------+-------------------------------+-------------------+
3 rows in set

View: Percent
+------------------+
| percence         |
+------------------+
| 6.5%:(2265,2269) |
+------------------+
1 rows in set

Time cost: 0.029706s
