Processing Maldives.input
View: Number
+-------------------+
| number            |
+-------------------+
| 26:(3,5)          |
| 2004:(15,19)      |
| 2004:(35,39)      |
| 35:(170,172)      |
| 36:(174,176)      |
| 400:(462,465)     |
| 62:(483,485)      |
| 37:(499,501)      |
| 38:(503,505)      |
| 102:(507,510)     |
| 6:(526,527)       |
| 34:(571,573)      |
| 14:(784,786)      |
| 4.3:(793,796)     |
| 16:(1147,1149)    |
| 2003:(1256,1260)  |
| 2008:(1467,1471)  |
| 2009:(1664,1668)  |
| 30.81:(1776,1781) |
| 26:(1792,1794)    |
| 24.62:(1847,1852) |
| 28:(1892,1894)    |
| 2004:(2061,2065)  |
| 65:(2449,2451)    |
| 10:(2515,2517)    |
| 2008:(2527,2531)  |
| 34:(2919,2921)    |
| 23:(2929,2931)    |
| 2011:(2941,2945)  |
| 20:(3000,3002)    |
| 000:(3003,3006)   |
| 16:(3242,3244)    |
| 2012:(3253,3257)  |
| 42:(3259,3261)    |
| 7:(3551,3552)     |
| 7:(3797,3798)     |
| 2012:(3808,3812)  |
| 44:(4239,4241)    |
| 2012:(4431,4435)  |
| 40:(4474,4476)    |
| 23:(4481,4483)    |
| 2012:(4493,4497)  |
| 2012:(4684,4688)  |
| 8:(4696,4697)     |
| 2013:(4965,4969)  |
| 46:(4994,4996)    |
| 2013:(5010,5014)  |
| 2012:(5150,5154)  |
| 13:(5170,5172)    |
| 2015:(5198,5202)  |
| 2013:(5745,5749)  |
| 2013:(5776,5780)  |
| 28:(6570,6572)    |
| 2015:(6574,6578)  |
| 24:(7013,7015)    |
| 2015:(7017,7021)  |
| 17:(7131,7133)    |
| 4:(7471,7472)     |
| 2015:(7482,7486)  |
| 30:(7524,7526)    |
| 5:(7598,7599)     |
| 2015:(7609,7613)  |
| 61:(7953,7955)    |
| 10:(8045,8047)    |
| 2015:(8057,8061)  |
+-------------------+
65 rows in set

View: Date
+------------------------------+----------------+----------------------+------------------+
| date                         | day            | month                | year             |
+------------------------------+----------------+----------------------+------------------+
| 26 December 2004:(3,19)      | 26:(3,5)       | December:(6,14)      | 2004:(15,19)     |
| 10 November 2008:(2515,2531) | 10:(2515,2517) | November:(2518,2526) | 2008:(2527,2531) |
| 23 December 2011:(2929,2945) | 23:(2929,2931) | December:(2932,2940) | 2011:(2941,2945) |
| 16 January 2012:(3242,3257)  | 16:(3242,3244) | January:(3245,3252)  | 2012:(3253,3257) |
| 7 February 2012:(3797,3812)  | 7:(3797,3798)  | February:(3799,3807) | 2012:(3808,3812) |
| 23 February 2012:(4481,4497) | 23:(4481,4483) | February:(4484,4492) | 2012:(4493,4497) |
| 4 November 2015:(7471,7486)  | 4:(7471,7472)  | November:(7473,7481) | 2015:(7482,7486) |
| 5 November 2015:(7598,7613)  | 5:(7598,7599)  | November:(7600,7608) | 2015:(7609,7613) |
| 10 November 2015:(8045,8061) | 10:(8045,8047) | November:(8048,8056) | 2015:(8057,8061) |
+------------------------------+----------------+----------------------+------------------+
9 rows in set

View: Month
+----------------------+
| Month                |
+----------------------+
| December:(6,14)      |
| November:(2518,2526) |
| December:(2932,2940) |
| January:(3245,3252)  |
| February:(3799,3807) |
| February:(4484,4492) |
| November:(7473,7481) |
| November:(7600,7608) |
| November:(8048,8056) |
+----------------------+
9 rows in set

View: Year
+------------------+
| year             |
+------------------+
| 2004:(15,19)     |
| 2008:(2527,2531) |
| 2011:(2941,2945) |
| 2012:(3253,3257) |
| 2012:(3808,3812) |
| 2012:(4493,4497) |
| 2015:(7482,7486) |
| 2015:(7609,7613) |
| 2015:(8057,8061) |
+------------------+
9 rows in set

View: President
+-------------------------------------------------+-----------------------+---------------------------------------+
| president                                       | title                 | name                                  |
+-------------------------------------------------+-----------------------+---------------------------------------+
| President Mohamed:(1918,1935)                   | President:(1918,1927) | Mohamed:(1928,1935)                   |
| President Mohamed Nasheed:(1918,1943)           | President:(1918,1927) | Mohamed Nasheed:(1928,1943)           |
| president Mohamed:(2248,2265)                   | president:(2248,2257) | Mohamed:(2258,2265)                   |
| president Mohamed Nasheed:(2248,2273)           | president:(2248,2257) | Mohamed Nasheed:(2258,2273)           |
| president Mohamed Nasheed:(2248,2273)           | president:(2248,2257) | Mohamed Nasheed:(2258,2273)           |
| president Mohamed Nasheed
Taxation:(2248,2283) | president:(2248,2257) | Mohamed Nasheed
Taxation:(2258,2283) |
| President Mohamed:(3759,3776)                   | President:(3759,3768) | Mohamed:(3769,3776)                   |
| President Mohamed Nasheed:(3759,3784)           | President:(3759,3768) | Mohamed Nasheed:(3769,3784)           |
| President Mohammed:(5661,5679)                  | President:(5661,5670) | Mohammed:(5671,5679)                  |
| President Mohammed Waheed:(5661,5686)           | President:(5661,5670) | Mohammed Waheed:(5671,5686)           |
| President Mohammed Waheed:(5661,5686)           | President:(5661,5670) | Mohammed Waheed:(5671,5686)           |
| President Mohammed Waheed Hassan:(5661,5693)    | President:(5661,5670) | Mohammed Waheed Hassan:(5671,5693)    |
| president Mohammed:(5811,5829)                  | president:(5811,5820) | Mohammed:(5821,5829)                  |
| president Mohammed Nasheed:(5811,5837)          | president:(5811,5820) | Mohammed Nasheed:(5821,5837)          |
| President Abdulla:(6617,6634)                   | President:(6617,6626) | Abdulla:(6627,6634)                   |
| President Abdulla Yameen:(6617,6641)            | President:(6617,6626) | Abdulla Yameen:(6627,6641)            |
| president Ahmed:(7036,7051)                     | president:(7036,7045) | Ahmed:(7046,7051)                     |
| president Ahmed Adheeb:(7036,7058)              | president:(7036,7045) | Ahmed Adheeb:(7046,7058)              |
| President Abdulla:(7488,7505)                   | President:(7488,7497) | Abdulla:(7498,7505)                   |
| President Abdulla Yameen:(7488,7512)            | President:(7488,7497) | Abdulla Yameen:(7498,7512)            |
| president Ahmed:(7760,7775)                     | president:(7760,7769) | Ahmed:(7770,7775)                     |
| president Ahmed Adeeb:(7760,7781)               | president:(7760,7769) | Ahmed Adeeb:(7770,7781)               |
+-------------------------------------------------+-----------------------+---------------------------------------+
22 rows in set

View: Party
+----------------------------------------+----------------------------------+-------------------+
| party                                  | partyName                        | title             |
+----------------------------------------+----------------------------------+-------------------+
| Rayyithunge Party:(943,960)            | Rayyithunge:(943,954)            | Party:(955,960)   |
| Democratic Party:(1230,1246)           | Democratic:(1230,1240)           | Party:(1241,1246) |
| Democratic Party:(1710,1726)           | Democratic:(1710,1720)           | Party:(1721,1726) |
| Rayyithunge Party:(1823,1840)          | Rayyithunge:(1823,1834)          | Party:(1835,1840) |
| Dhivehi Rayyithunge Party:(935,960)    | Dhivehi Rayyithunge:(935,954)    | Party:(955,960)   |
| Maldivian Democratic Party:(1220,1246) | Maldivian Democratic:(1220,1240) | Party:(1241,1246) |
| Maldivian Democratic Party:(1700,1726) | Maldivian Democratic:(1700,1720) | Party:(1721,1726) |
| Dhivehi Rayyithunge Party:(1815,1840)  | Dhivehi Rayyithunge:(1815,1834)  | Party:(1835,1840) |
| Dhivehi Rayyithunge Party:(935,960)    | Dhivehi Rayyithunge:(935,954)    | Party:(955,960)   |
| Maldivian Democratic Party:(1220,1246) | Maldivian Democratic:(1220,1240) | Party:(1241,1246) |
| Maldivian Democratic Party:(1700,1726) | Maldivian Democratic:(1700,1720) | Party:(1721,1726) |
| Dhivehi Rayyithunge Party:(1815,1840)  | Dhivehi Rayyithunge:(1815,1834)  | Party:(1835,1840) |
+----------------------------------------+----------------------------------+-------------------+
12 rows in set

View: Percent
+--------------------+
| percence           |
+--------------------+
| 62%:(483,486)      |
| 30.81%:(1776,1782) |
| 24.62%:(1847,1853) |
+--------------------+
3 rows in set

Time cost: 0.030721s
