Processing China.input
View: Number
+------------------+
| number           |
+------------------+
| 1.3:(158,161)    |
| 5:(161,162)      |
| 22:(328,330)     |
| 9.6:(599,602)    |
| 16:(688,690)     |
| 14:(1250,1252)   |
| 500:(1253,1256)  |
| 9:(1269,1270)    |
| 000:(1271,1274)  |
| 221:(1665,1668)  |
| 1911:(1875,1879) |
| 1949:(1918,1922) |
| 1:(2079,2080)    |
| 1949:(2089,2093) |
| 1978:(2387,2391) |
| 2014:(2468,2472) |
| 1971:(2837,2841) |
| 20:(3093,3095)   |
| 221:(3252,3255)  |
| 206:(3794,3797)  |
| 220:(3806,3809)  |
| 581:(4684,4687)  |
| 598:(4806,4809)  |
| 614:(4810,4813)  |
| 8:(5147,5148)    |
| 10:(5405,5407)   |
| 11:(5414,5416)   |
| 100:(5480,5483)  |
| 1127:(5961,5965) |
+------------------+
29 rows in set

View: Unit
+------------------------+
| unit                   |
+------------------------+
| billion:(163,170)      |
| provinces:(331,340)    |
| mi:(489,491)           |
| mi:(543,545)           |
| million:(603,610)      |
| mi:(981,983)           |
| kilometres:(1257,1267) |
| mi:(1275,1277)         |
| mi:(1568,1570)         |
| mi:(1992,1994)         |
| mi:(2108,2110)         |
| mi:(2372,2374)         |
| mi:(2456,2458)         |
| mi:(2520,2522)         |
| mi:(3980,3982)         |
| million:(5484,5491)    |
| mi:(5882,5884)         |
+------------------------+
17 rows in set

View: Data
+----------------------------+-----------------+------------------------+
| data                       | number          | unit                   |
+----------------------------+-----------------+------------------------+
| 1.35 billion:(158,170)     | 1.3:(158,161)   | billion:(163,170)      |
| 5 billion:(161,170)        | 5:(161,162)     | billion:(163,170)      |
| 22 provinces:(328,340)     | 22:(328,330)    | provinces:(331,340)    |
| 9.6 million:(599,610)      | 9.6:(599,602)   | million:(603,610)      |
| 500 kilometres:(1253,1267) | 500:(1253,1256) | kilometres:(1257,1267) |
| 000 mi:(1271,1277)         | 000:(1271,1274) | mi:(1275,1277)         |
| 100 million:(5480,5491)    | 100:(5480,5483) | million:(5484,5491)    |
+----------------------------+-----------------+------------------------+
7 rows in set

View: Year
+----------------+
| year           |
+----------------+
| BC:(1669,1671) |
| BC:(3078,3080) |
| BC:(3256,3258) |
| BC:(3798,3800) |
+----------------+
4 rows in set

View: Time
+--------------------+-----------------+----------------+
| time               | number          | year           |
+--------------------+-----------------+----------------+
| 221 BC:(1665,1671) | 221:(1665,1668) | BC:(1669,1671) |
| 221 BC:(3252,3258) | 221:(3252,3255) | BC:(3256,3258) |
| 206 BC:(3794,3800) | 206:(3794,3797) | BC:(3798,3800) |
+--------------------+-----------------+----------------+
3 rows in set

View: Dynasty
+---------------------+
| dynasty             |
+---------------------+
| Dynasty:(1687,1694) |
| dynasty:(1864,1871) |
| Dynasty:(3589,3596) |
| Dynasty:(3766,3773) |
| Dynasty:(3922,3929) |
| Dynasty:(4194,4201) |
| dynasty:(4622,4629) |
| Dynasty:(4743,4750) |
| dynasty:(5074,5081) |
| dynasty:(5169,5176) |
| dynasty:(5639,5646) |
| dynasty:(5949,5956) |
+---------------------+
12 rows in set

View: Dynasties
+--------------------------+------------------+---------------------+
| dynasties                | chaodai          | dynasty             |
+--------------------------+------------------+---------------------+
| Qin Dynasty:(1683,1694)  | Qin:(1683,1686)  | Dynasty:(1687,1694) |
| Qin Dynasty:(3585,3596)  | Qin:(3585,3588)  | Dynasty:(3589,3596) |
| Han Dynasty:(3762,3773)  | Han:(3762,3765)  | Dynasty:(3766,3773) |
| Han Dynasty:(3918,3929)  | Han:(3918,3921)  | Dynasty:(3922,3929) |
| Han Dynasty:(4190,4201)  | Han:(4190,4193)  | Dynasty:(4194,4201) |
| Jin dynasty:(4618,4629)  | Jin:(4618,4621)  | dynasty:(4622,4629) |
| Sui Dynasty:(4739,4750)  | Sui:(4739,4742)  | Dynasty:(4743,4750) |
| Tang dynasty:(5069,5081) | Tang:(5069,5073) | dynasty:(5074,5081) |
| Song dynasty:(5164,5176) | Song:(5164,5168) | dynasty:(5169,5176) |
| Song dynasty:(5634,5646) | Song:(5634,5638) | dynasty:(5639,5646) |
| Jin dynasty:(5945,5956)  | Jin:(5945,5948)  | dynasty:(5949,5956) |
+--------------------------+------------------+---------------------+
11 rows in set

Time cost: 0.017004s
