Processing China_History.input
View: Number
+------------------+
| number           |
+------------------+
| 1500:(70,74)     |
| 1:(79,80)        |
| 2:(82,83)        |
| 1600:(113,117)   |
| 1046:(118,122)   |
| 3:(128,129)      |
| 100:(204,207)    |
| 2070:(261,265)   |
| 1600:(266,270)   |
| 3:(346,347)      |
| 4:(349,350)      |
| 5:(667,668)      |
| 6:(725,726)      |
| 1046:(823,827)   |
| 256:(828,831)    |
| 8:(909,910)      |
| 1927:(1218,1222) |
| 221:(1406,1409)  |
| 1644:(1731,1735) |
| 1912:(1736,1740) |
| 1912:(1790,1794) |
| 1949:(1853,1857) |
+------------------+
22 rows in set

View: Unit
+----------------+
| unit           |
+----------------+
| mi:(534,536)   |
| mi:(1997,1999) |
| mi:(2054,2056) |
| mi:(2210,2212) |
| mi:(2234,2236) |
+----------------+
5 rows in set

View: Data
+------+--------+------+
| data | number | unit |
+------+--------+------+
+------+--------+------+
Empty set

View: Year
+----------------+
| year           |
+----------------+
| BC:(75,77)     |
| BC:(123,125)   |
| BC:(208,210)   |
| BC:(271,273)   |
| BC:(832,834)   |
| BC:(921,923)   |
| BC:(1410,1412) |
+----------------+
7 rows in set

View: Time
+--------------------+-----------------+----------------+
| time               | number          | year           |
+--------------------+-----------------+----------------+
| 1500 BC:(70,77)    | 1500:(70,74)    | BC:(75,77)     |
| 1046 BC:(118,125)  | 1046:(118,122)  | BC:(123,125)   |
| 100 BC:(204,210)   | 100:(204,207)   | BC:(208,210)   |
| 1600 BC:(266,273)  | 1600:(266,270)  | BC:(271,273)   |
| 256 BC:(828,834)   | 256:(828,831)   | BC:(832,834)   |
| 221 BC:(1406,1412) | 221:(1406,1409) | BC:(1410,1412) |
+--------------------+-----------------+----------------+
6 rows in set

View: Dynasty
+---------------------+
| dynasty             |
+---------------------+
| dynasty:(101,108)   |
| dynasty:(249,256)   |
| dynasty:(814,821)   |
| dynasty:(846,853)   |
| dynasty:(1531,1538) |
| dynasty:(1709,1716) |
+---------------------+
6 rows in set

View: Dynasties
+-------------------------+-----------------+---------------------+
| dynasties               | chaodai         | dynasty             |
+-------------------------+-----------------+---------------------+
| Shang dynasty:(95,108)  | Shang:(95,100)  | dynasty:(101,108)   |
| Xia dynasty:(245,256)   | Xia:(245,248)   | dynasty:(249,256)   |
| Zhou dynasty:(809,821)  | Zhou:(809,813)  | dynasty:(814,821)   |
| Zhou dynasty:(841,853)  | Zhou:(841,845)  | dynasty:(846,853)   |
| Qin dynasty:(1527,1538) | Qin:(1527,1530) | dynasty:(1531,1538) |
+-------------------------+-----------------+---------------------+
5 rows in set

Time cost: 0.008142s
