Processing dataScientist.input
View: Number
+---------------------+
| number              |
+---------------------+
| 60:(940,942)        |
| 300:(1155,1158)     |
| 8:(1275,1276)       |
| 100:(1380,1383)     |
| 149:(1394,1397)     |
| 600:(1640,1643)     |
| 1:(1714,1715)       |
| 2009,:(1872,1877)   |
| 200:(1942,1945)     |
| 1999:(2031,2035)    |
| 1,000:(2064,2069)   |
| 2:(2082,2083)       |
| 3:(3349,3350)       |
| 4:(3835,3836)       |
| 60:(4059,4061)      |
| 600:(4254,4257)     |
| 5:(4288,4289)       |
| 6:(4832,4833)       |
| 2018,:(4932,4937)   |
| 140,000:(4987,4994) |
| 190,000:(4998,5005) |
| 1.5:(5052,5055)     |
| 7:(5166,5167)       |
+---------------------+
23 rows in set

View: Percent
+------------------------+
| number                 |
+------------------------+
| 60 percent:(940,950)   |
| 8 percent:(1275,1284)  |
| 60 percent:(4059,4069) |
+------------------------+
3 rows in set

View: Dollar
+--------------------------+-----------------+
| cost                     | number          |
+--------------------------+-----------------+
| $300 billion:(1154,1166) | 300:(1155,1158) |
| $149 billion:(1393,1405) | 149:(1394,1397) |
| $600 billion:(1639,1651) | 600:(1640,1643) |
| $600 billion:(4253,4265) | 600:(4254,4257) |
+--------------------------+-----------------+
4 rows in set

View: Relative
+--------------------------------------------------+
| sentence                                         |
+--------------------------------------------------+
| data in our world has:(14,35)                    |
| data can:(807,815)                               |
| data to:(874,881)                                |
| data to the full could:(874,896)                 |
| data in the public secto:(967,991)               |
| data creatively and effectively to:(1055,1089)   |
| data to:(1495,1502)                              |
| data could:(1620,1630)                           |
| Data have swept into:(1717,1737)                 |
| data ware:(2013,2022)                            |
| data can:(2130,2138)                             |
| data can:(2164,2172)                             |
| data can unlock significan:(2164,2190)           |
| data collection and analysis:(2557,2585)         |
| data collection and analysis to:(2557,2588)      |
| data allow:(2801,2811)                           |
| data can:(3006,3014)                             |
| data can be used to:(3006,3025)                  |
| data will:(3367,3376)                            |
| data in every secto:(3800,3819)                  |
| data will:(3853,3862)                            |
| data to:(3978,3985)                              |
| data to the full has:(3978,3998)                 |
| data offer:(4075,4085)                           |
| data offers considerable benefits to:(4075,4111) |
| data can:(4217,4225)                             |
| data can allow:(4217,4231)                       |
| data can allow consumers to:(4217,4244)          |
| data will:(4312,4321)                            |
| data will matter across secto:(4312,4341)        |
| data to:(5131,5138)                              |
| data to make:(5131,5143)                         |
| data to make effective decis:(5131,5159)         |
| data is:(5544,5551)                              |
+--------------------------------------------------+
34 rows in set

Time cost: 0.020748s
