Processing salary.input
View: Number
+------------------+
| number           |
+------------------+
| 0.740:(211,216)  |
| 99.999:(273,279) |
| 113:(396,399)    |
| 1.23:(981,985)   |
| 2012:(1170,1174) |
| 720:(4078,4081)  |
| 62:(4117,4119)   |
| 61:(4180,4182)   |
| 123:(4450,4453)  |
+------------------+
9 rows in set

View: Percent
+-------------------+
| number            |
+-------------------+
| 99.999%:(273,280) |
| 113%:(396,400)    |
| 62%:(4117,4120)   |
| 61%:(4180,4183)   |
+-------------------+
4 rows in set

View: Dollar
+---------------------------+-----------------+
| cost                      | number          |
+---------------------------+-----------------+
| $0.740 thousand:(210,225) | 0.740:(211,216) |
| $1.23 thousand:(980,994)  | 1.23:(981,985)  |
| $123 thousand:(4449,4462) | 123:(4450,4453) |
+---------------------------+-----------------+
3 rows in set

View: Relative
+----------------------------------------------------+
| sentence                                           |
+----------------------------------------------------+
| data science is:(126,141)                          |
| data science is hard to:(126,149)                  |
| data science sing is:(618,638)                     |
| data scientist to:(953,970)                        |
| data science has:(1074,1090)                       |
| Data challenges are:(1370,1389)                    |
| data is:(1643,1650)                                |
| data that for decades has:(1704,1729)              |
| data ware:(1838,1847)                              |
| data needs different to:(1909,1932)                |
| data scientists get:(2040,2059)                    |
| data scientist is:(2235,2252)                      |
| data science is:(2315,2330)                        |
| data to:(3398,3405)                                |
| data toget:(3398,3408)                             |
| data together to:(3398,3414)                       |
| data collection and presentation polis:(3607,3645) |
| data science is:(3780,3795)                        |
| data scientists to:(3955,3973)                     |
| data scientists who want to:(4404,4431)            |
+----------------------------------------------------+
20 rows in set

Time cost: 0.023592s
